<?xml version="1.0" encoding="UTF-8"?>
<!-- Generated by org.testng.reporters.JUnitReportReporter -->
<testsuite hostname="DESKTOP-3824BQ8" failures="0" tests="2" name="testingTestNG.Demo1" time="4.964" errors="0" timestamp="2023-02-22T17:57:53 IST" skipped="0">
  <testcase classname="testingTestNG.Demo1" name="test2" time="4.955"/>
  <system-out/>
  <testcase classname="testingTestNG.Demo1" name="test1" time="0.009"/>
  <system-out/>
</testsuite> <!-- testingTestNG.Demo1 -->
